<?xml version="1.0" encoding="UTF-8"?>
<!-- Generated by org.testng.reporters.JUnitReportReporter -->
<testsuite hostname="ANITSARKERGAME" failures="0" tests="1" name="Amazon.AmazonTest.AmazonTest" time="26.325" errors="0" timestamp="2022-06-08T20:21:59 IST" skipped="0">
  <testcase classname="Amazon.AmazonTest.AmazonTest" name="amazonTest" time="26.325"/>
  <system-out/>
</testsuite> <!-- Amazon.AmazonTest.AmazonTest -->
